Removed Pin From Net: NetName=3V3 Pin=NodeMCU-1-3V3
Removed Pin From Net: NetName=3V3 Pin=NodeMCU-1-3V3
Removed Pin From Net: NetName=3V3 Pin=NodeMCU-1-3V3
Removed Pin From Net: NetName=LIGHT Pin=NodeMCU-1-A0
Removed Pin From Net: NetName=IN1 Pin=NodeMCU-1-D0
Removed Pin From Net: NetName=DHT-5 Pin=NodeMCU-1-D1
Removed Pin From Net: NetName=MOTION-4 Pin=NodeMCU-1-D2
Removed Pin From Net: NetName=TRIG0 Pin=NodeMCU-1-D3
Removed Pin From Net: NetName=IN2 Pin=NodeMCU-1-D5
Removed Pin From Net: NetName=IN3 Pin=NodeMCU-1-D6
Removed Pin From Net: NetName=IN4 Pin=NodeMCU-1-D7
Removed Pin From Net: NetName=ECHO15 Pin=NodeMCU-1-D8
Removed Pin From Net: NetName=VOUT- Pin=NodeMCU-1-GND
Removed Pin From Net: NetName=VOUT- Pin=NodeMCU-1-GND
Removed Pin From Net: NetName=VOUT- Pin=NodeMCU-1-GND
Removed Pin From Net: NetName=VOUT- Pin=NodeMCU-1-GND
Removed Pin From Net: NetName=VOUT+ Pin=NodeMCU-1-VIN
Removed Member From Class: ClassName=schem Member=NodeMCU-1
Added Component: Designator=LoLin-1(LoLin NodeMcu V3)
Added Pin To Net: NetName=3V3 Pin=LoLin-1-3V3
Added Pin To Net: NetName=3V3 Pin=LoLin-1-3V3
Added Pin To Net: NetName=3V3 Pin=LoLin-1-3V3
Added Pin To Net: NetName=LIGHT Pin=LoLin-1-A0
Added Pin To Net: NetName=IN1 Pin=LoLin-1-D0
Added Pin To Net: NetName=DHT-5 Pin=LoLin-1-D1
Added Pin To Net: NetName=MOTION-4 Pin=LoLin-1-D2
Added Pin To Net: NetName=TRIG0 Pin=LoLin-1-D3
Added Pin To Net: NetName=IN2 Pin=LoLin-1-D4
Added Pin To Net: NetName=IN3 Pin=LoLin-1-D6
Added Pin To Net: NetName=IN4 Pin=LoLin-1-D7
Added Pin To Net: NetName=ECHO15 Pin=LoLin-1-D8
Added Pin To Net: NetName=GND Pin=LoLin-1-GND
Added Pin To Net: NetName=GND Pin=LoLin-1-GND
Added Pin To Net: NetName=GND Pin=LoLin-1-GND
Added Pin To Net: NetName=GND Pin=LoLin-1-GND
Added Pin To Net: NetName=GND Pin=LoLin-1-GND
Added Pin To Net: NetName=VOUT- Pin=LoLin-1-GND
Added Pin To Net: NetName=VOUT- Pin=LoLin-1-GND
Added Pin To Net: NetName=VOUT- Pin=LoLin-1-GND
Added Pin To Net: NetName=VOUT- Pin=LoLin-1-GND
Added Pin To Net: NetName=VOUT- Pin=LoLin-1-GND
Added Pin To Net: NetName=VOUT+ Pin=LoLin-1-VIN
Added Member To Class: ClassName=schem Member=Component LoLin-1 NodeMCU V1.0 ESP-12E_1
